<?xml version="1.0" encoding="UTF-8"?>
<!-- Generated by org.testng.reporters.JUnitReportReporter -->
<testsuite hostname="Chetan-1404" failures="0" tests="3" name="Test_NG.Conc_Enabled" time="0.018" errors="0" timestamp="2023-02-09T11:06:04 IST" skipped="1">
  <testcase classname="Test_NG.Conc_Enabled" name="createcontact" time="0.016"/>
  <system-out/>
  <testcase classname="Test_NG.Conc_Enabled" name="pro" time="0.002"/>
  <system-out>
    <![CDATA[2]]>
  </system-out>
  <testcase classname="Test_NG.Conc_Enabled" name="modifycontact">
    <skipped/>
  </testcase> <!-- modifycontact -->
  <system-out/>
</testsuite> <!-- Test_NG.Conc_Enabled -->
