<?xml version="1.0" encoding="UTF-8"?>
<!-- Generated by org.testng.reporters.JUnitReportReporter -->
<testsuite hostname="Chetan-1404" failures="0" tests="10" name="Test_NG.Conc_Invoation" time="0.052" errors="0" timestamp="2023-02-09T11:03:50 IST" skipped="0">
  <testcase classname="Test_NG.Conc_Invoation" name="createcontact" time="0.018"/>
  <system-out/>
  <testcase classname="Test_NG.Conc_Invoation" name="modifycontact" time="0.001"/>
  <system-out/>
  <testcase classname="Test_NG.Conc_Invoation" name="modifycontact" time="0.002"/>
  <system-out/>
  <testcase classname="Test_NG.Conc_Invoation" name="modifycontact" time="0.002"/>
  <system-out/>
  <testcase classname="Test_NG.Conc_Invoation" name="modifycontact" time="0.003"/>
  <system-out/>
  <testcase classname="Test_NG.Conc_Invoation" name="modifycontact" time="0.006"/>
  <system-out/>
  <testcase classname="Test_NG.Conc_Invoation" name="pro" time="0.004"/>
  <system-out>
    <![CDATA[2]]>
  </system-out>
  <testcase classname="Test_NG.Conc_Invoation" name="dee" time="0.007"/>
  <system-out>
    <![CDATA[1]]>
  </system-out>
  <testcase classname="Test_NG.Conc_Invoation" name="dee" time="0.007"/>
  <system-out>
    <![CDATA[1]]>
  </system-out>
  <testcase classname="Test_NG.Conc_Invoation" name="dee" time="0.002"/>
  <system-out>
    <![CDATA[1]]>
  </system-out>
</testsuite> <!-- Test_NG.Conc_Invoation -->
