<?xml version="1.0" encoding="UTF-8"?>
<!-- Generated by org.testng.reporters.JUnitReportReporter -->
<testsuite hostname="Chetan-1404" failures="0" tests="1" name="Test_NG.Annotations" time="12.845" errors="0" timestamp="2023-03-10T17:20:05 IST" skipped="0">
  <testcase classname="Test_NG.Annotations" name="script" time="12.845"/>
  <system-out/>
</testsuite> <!-- Test_NG.Annotations -->
