<?xml version="1.0" encoding="UTF-8"?>
<!-- Generated by org.testng.reporters.JUnitReportReporter -->
<testsuite hostname="Chetan-1404" failures="0" tests="2" name="Programs.TestNG" time="0.241" errors="0" timestamp="2023-02-08T11:37:48 IST" skipped="0">
  <testcase classname="Programs.TestNG" name="pro" time="0.028"/>
  <system-out>
    <![CDATA[2]]>
  </system-out>
  <testcase classname="Programs.TestNG" name="dee" time="0.213"/>
  <system-out>
    <![CDATA[1]]>
  </system-out>
</testsuite> <!-- Programs.TestNG -->
