<?xml version="1.0" encoding="UTF-8"?>
<!-- Generated by org.testng.reporters.JUnitReportReporter -->
<testsuite hostname="Chetan-1404" failures="0" tests="3" name="Test_NG.Conc_Dependson" time="0.030" errors="0" timestamp="2023-02-09T10:57:19 IST" skipped="0">
  <testcase classname="Test_NG.Conc_Dependson" name="createcontact" time="0.019"/>
  <system-out/>
  <testcase classname="Test_NG.Conc_Dependson" name="modifycontact" time="0.007"/>
  <system-out/>
  <testcase classname="Test_NG.Conc_Dependson" name="deletecontact" time="0.004"/>
  <system-out/>
</testsuite> <!-- Test_NG.Conc_Dependson -->
