<?xml version="1.0" encoding="UTF-8"?>
<!-- Generated by org.testng.reporters.JUnitReportReporter -->
<testsuite hostname="Chetan-1404" failures="0" tests="1" name="Test_NG.TestNG" time="0.019" errors="0" timestamp="2023-02-09T10:58:54 IST" skipped="0">
  <testcase classname="Test_NG.TestNG" name="pro" time="0.019"/>
  <system-out>
    <![CDATA[2]]>
  </system-out>
</testsuite> <!-- Test_NG.TestNG -->
