<?xml version="1.0" encoding="UTF-8"?>
<!-- Generated by org.testng.reporters.JUnitReportReporter -->
<testsuite hostname="Chetan-1404" failures="0" tests="1" name="POMM.Pom_stage2" time="23.408" errors="0" timestamp="2023-02-15T11:40:40 IST" skipped="0">
  <testcase classname="POMM.Pom_stage2" name="Pom" time="23.408"/>
  <system-out/>
</testsuite> <!-- POMM.Pom_stage2 -->
