<?xml version="1.0" encoding="UTF-8"?>
<!-- Generated by org.testng.reporters.JUnitReportReporter -->
<testsuite hostname="Chetan-1404" failures="0" tests="3" name="Programs.Con_Priority" time="0.029" errors="0" timestamp="2023-02-09T10:52:18 IST" skipped="0">
  <testcase classname="Programs.Con_Priority" name="createcontact" time="0.020"/>
  <system-out/>
  <testcase classname="Programs.Con_Priority" name="modifycontact" time="0.006"/>
  <system-out/>
  <testcase classname="Programs.Con_Priority" name="deletecontact" time="0.003"/>
  <system-out/>
</testsuite> <!-- Programs.Con_Priority -->
