<?xml version="1.0" encoding="UTF-8"?>
<!-- Generated by org.testng.reporters.JUnitReportReporter -->
<testsuite hostname="Chetan-1404" failures="0" tests="2" name="Test_NG.TestNG" time="0.023" errors="0" timestamp="2023-03-05T10:13:05 IST" skipped="0">
  <testcase classname="Test_NG.TestNG" name="dee" time="0.019"/>
  <system-out>
    <![CDATA[1]]>
  </system-out>
  <testcase classname="Test_NG.TestNG" name="pro" time="0.004"/>
  <system-out>
    <![CDATA[2]]>
  </system-out>
</testsuite> <!-- Test_NG.TestNG -->
