<?xml version="1.0" encoding="UTF-8"?>
<!-- Generated by org.testng.reporters.JUnitReportReporter -->
<testsuite hostname="Chetan-1404" failures="0" tests="1" name="Test_NG.Annotations" time="12.493" errors="0" timestamp="2023-02-09T11:48:39 IST" skipped="0">
  <testcase classname="Test_NG.Annotations" name="script" time="12.493"/>
  <system-out/>
</testsuite> <!-- Test_NG.Annotations -->
