<?xml version="1.0" encoding="UTF-8"?>
<!-- Generated by org.testng.reporters.JUnitReportReporter -->
<testsuite hostname="Chetan-1404" failures="0" tests="1" name="Practive.FetchFromMVN" time="9.310" errors="0" timestamp="2023-03-03T17:35:25 IST" skipped="0">
  <testcase classname="Practive.FetchFromMVN" name="BeforeClass" time="9.310"/>
  <system-out/>
</testsuite> <!-- Practive.FetchFromMVN -->
